<?xml version="1.0" encoding="UTF-8"?>
<testsuite xmlns:xsi="http://www.w3.org/2001/XMLSchema-instance" xsi:noNamespaceSchemaLocation="https://maven.apache.org/surefire/maven-surefire-plugin/xsd/surefire-test-report.xsd" name="com.aline.gateway.AlineGatewayApplicationTests" time="7.338" tests="1" errors="0" skipped="0" failures="0">
  <properties>
    <property name="awt.toolkit" value="sun.awt.X11.XToolkit"/>
    <property name="java.specification.version" value="11"/>
    <property name="sun.cpu.isalist" value=""/>
    <property name="sun.jnu.encoding" value="UTF-8"/>
    <property name="java.class.path" value="/home/colton_c/aline/aline-gateway/target/test-classes:/home/colton_c/aline/aline-gateway/target/classes:/home/colton_c/.m2/repository/org/springframework/boot/spring-boot-starter-webflux/2.5.4/spring-boot-starter-webflux-2.5.4.jar:/home/colton_c/.m2/repository/org/springframework/boot/spring-boot-starter/2.5.4/spring-boot-starter-2.5.4.jar:/home/colton_c/.m2/repository/org/springframework/boot/spring-boot-starter-logging/2.5.4/spring-boot-starter-logging-2.5.4.jar:/home/colton_c/.m2/repository/ch/qos/logback/logback-classic/1.2.5/logback-classic-1.2.5.jar:/home/colton_c/.m2/repository/ch/qos/logback/logback-core/1.2.5/logback-core-1.2.5.jar:/home/colton_c/.m2/repository/org/apache/logging/log4j/log4j-to-slf4j/2.14.1/log4j-to-slf4j-2.14.1.jar:/home/colton_c/.m2/repository/org/apache/logging/log4j/log4j-api/2.14.1/log4j-api-2.14.1.jar:/home/colton_c/.m2/repository/org/slf4j/jul-to-slf4j/1.7.32/jul-to-slf4j-1.7.32.jar:/home/colton_c/.m2/repository/jakarta/annotation/jakarta.annotation-api/1.3.5/jakarta.annotation-api-1.3.5.jar:/home/colton_c/.m2/repository/org/yaml/snakeyaml/1.28/snakeyaml-1.28.jar:/home/colton_c/.m2/repository/org/springframework/boot/spring-boot-starter-json/2.5.4/spring-boot-starter-json-2.5.4.jar:/home/colton_c/.m2/repository/com/fasterxml/jackson/core/jackson-databind/2.12.4/jackson-databind-2.12.4.jar:/home/colton_c/.m2/repository/com/fasterxml/jackson/core/jackson-annotations/2.12.4/jackson-annotations-2.12.4.jar:/home/colton_c/.m2/repository/com/fasterxml/jackson/core/jackson-core/2.12.4/jackson-core-2.12.4.jar:/home/colton_c/.m2/repository/com/fasterxml/jackson/datatype/jackson-datatype-jdk8/2.12.4/jackson-datatype-jdk8-2.12.4.jar:/home/colton_c/.m2/repository/com/fasterxml/jackson/datatype/jackson-datatype-jsr310/2.12.4/jackson-datatype-jsr310-2.12.4.jar:/home/colton_c/.m2/repository/com/fasterxml/jackson/module/jackson-module-parameter-names/2.12.4/jackson-module-parameter-names-2.12.4.jar:/home/colton_c/.m2/repository/org/springframework/boot/spring-boot-starter-reactor-netty/2.5.4/spring-boot-starter-reactor-netty-2.5.4.jar:/home/colton_c/.m2/repository/io/projectreactor/netty/reactor-netty-http/1.0.10/reactor-netty-http-1.0.10.jar:/home/colton_c/.m2/repository/io/netty/netty-codec-http/4.1.67.Final/netty-codec-http-4.1.67.Final.jar:/home/colton_c/.m2/repository/io/netty/netty-common/4.1.67.Final/netty-common-4.1.67.Final.jar:/home/colton_c/.m2/repository/io/netty/netty-buffer/4.1.67.Final/netty-buffer-4.1.67.Final.jar:/home/colton_c/.m2/repository/io/netty/netty-transport/4.1.67.Final/netty-transport-4.1.67.Final.jar:/home/colton_c/.m2/repository/io/netty/netty-codec/4.1.67.Final/netty-codec-4.1.67.Final.jar:/home/colton_c/.m2/repository/io/netty/netty-handler/4.1.67.Final/netty-handler-4.1.67.Final.jar:/home/colton_c/.m2/repository/io/netty/netty-codec-http2/4.1.67.Final/netty-codec-http2-4.1.67.Final.jar:/home/colton_c/.m2/repository/io/netty/netty-resolver-dns/4.1.67.Final/netty-resolver-dns-4.1.67.Final.jar:/home/colton_c/.m2/repository/io/netty/netty-resolver/4.1.67.Final/netty-resolver-4.1.67.Final.jar:/home/colton_c/.m2/repository/io/netty/netty-codec-dns/4.1.67.Final/netty-codec-dns-4.1.67.Final.jar:/home/colton_c/.m2/repository/io/netty/netty-resolver-dns-native-macos/4.1.67.Final/netty-resolver-dns-native-macos-4.1.67.Final-osx-x86_64.jar:/home/colton_c/.m2/repository/io/netty/netty-transport-native-unix-common/4.1.67.Final/netty-transport-native-unix-common-4.1.67.Final.jar:/home/colton_c/.m2/repository/io/netty/netty-transport-native-epoll/4.1.67.Final/netty-transport-native-epoll-4.1.67.Final-linux-x86_64.jar:/home/colton_c/.m2/repository/io/projectreactor/netty/reactor-netty-core/1.0.10/reactor-netty-core-1.0.10.jar:/home/colton_c/.m2/repository/io/netty/netty-handler-proxy/4.1.67.Final/netty-handler-proxy-4.1.67.Final.jar:/home/colton_c/.m2/repository/io/netty/netty-codec-socks/4.1.67.Final/netty-codec-socks-4.1.67.Final.jar:/home/colton_c/.m2/repository/org/springframework/spring-web/5.3.9/spring-web-5.3.9.jar:/home/colton_c/.m2/repository/org/springframework/spring-beans/5.3.9/spring-beans-5.3.9.jar:/home/colton_c/.m2/repository/org/springframework/spring-webflux/5.3.9/spring-webflux-5.3.9.jar:/home/colton_c/.m2/repository/org/springframework/cloud/spring-cloud-starter-gateway/3.0.3/spring-cloud-starter-gateway-3.0.3.jar:/home/colton_c/.m2/repository/org/springframework/cloud/spring-cloud-starter/3.0.3/spring-cloud-starter-3.0.3.jar:/home/colton_c/.m2/repository/org/springframework/cloud/spring-cloud-context/3.0.3/spring-cloud-context-3.0.3.jar:/home/colton_c/.m2/repository/org/springframework/security/spring-security-crypto/5.5.2/spring-security-crypto-5.5.2.jar:/home/colton_c/.m2/repository/org/springframework/cloud/spring-cloud-commons/3.0.3/spring-cloud-commons-3.0.3.jar:/home/colton_c/.m2/repository/org/springframework/security/spring-security-rsa/1.0.10.RELEASE/spring-security-rsa-1.0.10.RELEASE.jar:/home/colton_c/.m2/repository/org/bouncycastle/bcpkix-jdk15on/1.68/bcpkix-jdk15on-1.68.jar:/home/colton_c/.m2/repository/org/bouncycastle/bcprov-jdk15on/1.68/bcprov-jdk15on-1.68.jar:/home/colton_c/.m2/repository/org/springframework/cloud/spring-cloud-gateway-server/3.0.3/spring-cloud-gateway-server-3.0.3.jar:/home/colton_c/.m2/repository/org/springframework/boot/spring-boot-starter-validation/2.5.4/spring-boot-starter-validation-2.5.4.jar:/home/colton_c/.m2/repository/org/apache/tomcat/embed/tomcat-embed-el/9.0.52/tomcat-embed-el-9.0.52.jar:/home/colton_c/.m2/repository/org/hibernate/validator/hibernate-validator/6.2.0.Final/hibernate-validator-6.2.0.Final.jar:/home/colton_c/.m2/repository/jakarta/validation/jakarta.validation-api/2.0.2/jakarta.validation-api-2.0.2.jar:/home/colton_c/.m2/repository/org/jboss/logging/jboss-logging/3.4.2.Final/jboss-logging-3.4.2.Final.jar:/home/colton_c/.m2/repository/com/fasterxml/classmate/1.5.1/classmate-1.5.1.jar:/home/colton_c/.m2/repository/io/projectreactor/addons/reactor-extra/3.4.4/reactor-extra-3.4.4.jar:/home/colton_c/.m2/repository/org/springframework/boot/spring-boot-devtools/2.5.4/spring-boot-devtools-2.5.4.jar:/home/colton_c/.m2/repository/org/springframework/boot/spring-boot/2.5.4/spring-boot-2.5.4.jar:/home/colton_c/.m2/repository/org/springframework/spring-context/5.3.9/spring-context-5.3.9.jar:/home/colton_c/.m2/repository/org/springframework/spring-aop/5.3.9/spring-aop-5.3.9.jar:/home/colton_c/.m2/repository/org/springframework/spring-expression/5.3.9/spring-expression-5.3.9.jar:/home/colton_c/.m2/repository/org/springframework/boot/spring-boot-autoconfigure/2.5.4/spring-boot-autoconfigure-2.5.4.jar:/home/colton_c/.m2/repository/org/projectlombok/lombok/1.18.20/lombok-1.18.20.jar:/home/colton_c/.m2/repository/org/springframework/boot/spring-boot-starter-test/2.5.4/spring-boot-starter-test-2.5.4.jar:/home/colton_c/.m2/repository/org/springframework/boot/spring-boot-test/2.5.4/spring-boot-test-2.5.4.jar:/home/colton_c/.m2/repository/org/springframework/boot/spring-boot-test-autoconfigure/2.5.4/spring-boot-test-autoconfigure-2.5.4.jar:/home/colton_c/.m2/repository/com/jayway/jsonpath/json-path/2.5.0/json-path-2.5.0.jar:/home/colton_c/.m2/repository/net/minidev/json-smart/2.4.7/json-smart-2.4.7.jar:/home/colton_c/.m2/repository/net/minidev/accessors-smart/2.4.7/accessors-smart-2.4.7.jar:/home/colton_c/.m2/repository/org/ow2/asm/asm/9.1/asm-9.1.jar:/home/colton_c/.m2/repository/org/slf4j/slf4j-api/1.7.32/slf4j-api-1.7.32.jar:/home/colton_c/.m2/repository/jakarta/xml/bind/jakarta.xml.bind-api/2.3.3/jakarta.xml.bind-api-2.3.3.jar:/home/colton_c/.m2/repository/jakarta/activation/jakarta.activation-api/1.2.2/jakarta.activation-api-1.2.2.jar:/home/colton_c/.m2/repository/org/assertj/assertj-core/3.19.0/assertj-core-3.19.0.jar:/home/colton_c/.m2/repository/org/hamcrest/hamcrest/2.2/hamcrest-2.2.jar:/home/colton_c/.m2/repository/org/junit/jupiter/junit-jupiter/5.7.2/junit-jupiter-5.7.2.jar:/home/colton_c/.m2/repository/org/junit/jupiter/junit-jupiter-api/5.7.2/junit-jupiter-api-5.7.2.jar:/home/colton_c/.m2/repository/org/apiguardian/apiguardian-api/1.1.0/apiguardian-api-1.1.0.jar:/home/colton_c/.m2/repository/org/opentest4j/opentest4j/1.2.0/opentest4j-1.2.0.jar:/home/colton_c/.m2/repository/org/junit/platform/junit-platform-commons/1.7.2/junit-platform-commons-1.7.2.jar:/home/colton_c/.m2/repository/org/junit/jupiter/junit-jupiter-params/5.7.2/junit-jupiter-params-5.7.2.jar:/home/colton_c/.m2/repository/org/junit/jupiter/junit-jupiter-engine/5.7.2/junit-jupiter-engine-5.7.2.jar:/home/colton_c/.m2/repository/org/junit/platform/junit-platform-engine/1.7.2/junit-platform-engine-1.7.2.jar:/home/colton_c/.m2/repository/org/mockito/mockito-core/3.9.0/mockito-core-3.9.0.jar:/home/colton_c/.m2/repository/net/bytebuddy/byte-buddy/1.10.22/byte-buddy-1.10.22.jar:/home/colton_c/.m2/repository/net/bytebuddy/byte-buddy-agent/1.10.22/byte-buddy-agent-1.10.22.jar:/home/colton_c/.m2/repository/org/objenesis/objenesis/3.2/objenesis-3.2.jar:/home/colton_c/.m2/repository/org/mockito/mockito-junit-jupiter/3.9.0/mockito-junit-jupiter-3.9.0.jar:/home/colton_c/.m2/repository/org/skyscreamer/jsonassert/1.5.0/jsonassert-1.5.0.jar:/home/colton_c/.m2/repository/com/vaadin/external/google/android-json/0.0.20131108.vaadin1/android-json-0.0.20131108.vaadin1.jar:/home/colton_c/.m2/repository/org/springframework/spring-core/5.3.9/spring-core-5.3.9.jar:/home/colton_c/.m2/repository/org/springframework/spring-jcl/5.3.9/spring-jcl-5.3.9.jar:/home/colton_c/.m2/repository/org/springframework/spring-test/5.3.9/spring-test-5.3.9.jar:/home/colton_c/.m2/repository/org/xmlunit/xmlunit-core/2.8.2/xmlunit-core-2.8.2.jar:/home/colton_c/.m2/repository/io/projectreactor/reactor-test/3.4.9/reactor-test-3.4.9.jar:/home/colton_c/.m2/repository/io/projectreactor/reactor-core/3.4.9/reactor-core-3.4.9.jar:/home/colton_c/.m2/repository/org/reactivestreams/reactive-streams/1.0.3/reactive-streams-1.0.3.jar:/home/colton_c/.m2/repository/org/springframework/boot/spring-boot-configuration-processor/2.5.4/spring-boot-configuration-processor-2.5.4.jar:"/>
    <property name="java.vm.vendor" value="Ubuntu"/>
    <property name="sun.arch.data.model" value="64"/>
    <property name="java.vendor.url" value="https://ubuntu.com/"/>
    <property name="user.timezone" value=""/>
    <property name="java.vm.specification.version" value="11"/>
    <property name="os.name" value="Linux"/>
    <property name="sun.java.launcher" value="SUN_STANDARD"/>
    <property name="user.country" value="US"/>
    <property name="sun.boot.library.path" value="/usr/lib/jvm/java-11-openjdk-amd64/lib"/>
    <property name="sun.java.command" value="/home/colton_c/aline/aline-gateway/target/surefire/surefirebooter5155853013704671081.jar /home/colton_c/aline/aline-gateway/target/surefire 2022-11-15T17-50-16_453-jvmRun1 surefire8451835174738958496tmp surefire_06835299583299127498tmp"/>
    <property name="jdk.debug" value="release"/>
    <property name="surefire.test.class.path" value="/home/colton_c/aline/aline-gateway/target/test-classes:/home/colton_c/aline/aline-gateway/target/classes:/home/colton_c/.m2/repository/org/springframework/boot/spring-boot-starter-webflux/2.5.4/spring-boot-starter-webflux-2.5.4.jar:/home/colton_c/.m2/repository/org/springframework/boot/spring-boot-starter/2.5.4/spring-boot-starter-2.5.4.jar:/home/colton_c/.m2/repository/org/springframework/boot/spring-boot-starter-logging/2.5.4/spring-boot-starter-logging-2.5.4.jar:/home/colton_c/.m2/repository/ch/qos/logback/logback-classic/1.2.5/logback-classic-1.2.5.jar:/home/colton_c/.m2/repository/ch/qos/logback/logback-core/1.2.5/logback-core-1.2.5.jar:/home/colton_c/.m2/repository/org/apache/logging/log4j/log4j-to-slf4j/2.14.1/log4j-to-slf4j-2.14.1.jar:/home/colton_c/.m2/repository/org/apache/logging/log4j/log4j-api/2.14.1/log4j-api-2.14.1.jar:/home/colton_c/.m2/repository/org/slf4j/jul-to-slf4j/1.7.32/jul-to-slf4j-1.7.32.jar:/home/colton_c/.m2/repository/jakarta/annotation/jakarta.annotation-api/1.3.5/jakarta.annotation-api-1.3.5.jar:/home/colton_c/.m2/repository/org/yaml/snakeyaml/1.28/snakeyaml-1.28.jar:/home/colton_c/.m2/repository/org/springframework/boot/spring-boot-starter-json/2.5.4/spring-boot-starter-json-2.5.4.jar:/home/colton_c/.m2/repository/com/fasterxml/jackson/core/jackson-databind/2.12.4/jackson-databind-2.12.4.jar:/home/colton_c/.m2/repository/com/fasterxml/jackson/core/jackson-annotations/2.12.4/jackson-annotations-2.12.4.jar:/home/colton_c/.m2/repository/com/fasterxml/jackson/core/jackson-core/2.12.4/jackson-core-2.12.4.jar:/home/colton_c/.m2/repository/com/fasterxml/jackson/datatype/jackson-datatype-jdk8/2.12.4/jackson-datatype-jdk8-2.12.4.jar:/home/colton_c/.m2/repository/com/fasterxml/jackson/datatype/jackson-datatype-jsr310/2.12.4/jackson-datatype-jsr310-2.12.4.jar:/home/colton_c/.m2/repository/com/fasterxml/jackson/module/jackson-module-parameter-names/2.12.4/jackson-module-parameter-names-2.12.4.jar:/home/colton_c/.m2/repository/org/springframework/boot/spring-boot-starter-reactor-netty/2.5.4/spring-boot-starter-reactor-netty-2.5.4.jar:/home/colton_c/.m2/repository/io/projectreactor/netty/reactor-netty-http/1.0.10/reactor-netty-http-1.0.10.jar:/home/colton_c/.m2/repository/io/netty/netty-codec-http/4.1.67.Final/netty-codec-http-4.1.67.Final.jar:/home/colton_c/.m2/repository/io/netty/netty-common/4.1.67.Final/netty-common-4.1.67.Final.jar:/home/colton_c/.m2/repository/io/netty/netty-buffer/4.1.67.Final/netty-buffer-4.1.67.Final.jar:/home/colton_c/.m2/repository/io/netty/netty-transport/4.1.67.Final/netty-transport-4.1.67.Final.jar:/home/colton_c/.m2/repository/io/netty/netty-codec/4.1.67.Final/netty-codec-4.1.67.Final.jar:/home/colton_c/.m2/repository/io/netty/netty-handler/4.1.67.Final/netty-handler-4.1.67.Final.jar:/home/colton_c/.m2/repository/io/netty/netty-codec-http2/4.1.67.Final/netty-codec-http2-4.1.67.Final.jar:/home/colton_c/.m2/repository/io/netty/netty-resolver-dns/4.1.67.Final/netty-resolver-dns-4.1.67.Final.jar:/home/colton_c/.m2/repository/io/netty/netty-resolver/4.1.67.Final/netty-resolver-4.1.67.Final.jar:/home/colton_c/.m2/repository/io/netty/netty-codec-dns/4.1.67.Final/netty-codec-dns-4.1.67.Final.jar:/home/colton_c/.m2/repository/io/netty/netty-resolver-dns-native-macos/4.1.67.Final/netty-resolver-dns-native-macos-4.1.67.Final-osx-x86_64.jar:/home/colton_c/.m2/repository/io/netty/netty-transport-native-unix-common/4.1.67.Final/netty-transport-native-unix-common-4.1.67.Final.jar:/home/colton_c/.m2/repository/io/netty/netty-transport-native-epoll/4.1.67.Final/netty-transport-native-epoll-4.1.67.Final-linux-x86_64.jar:/home/colton_c/.m2/repository/io/projectreactor/netty/reactor-netty-core/1.0.10/reactor-netty-core-1.0.10.jar:/home/colton_c/.m2/repository/io/netty/netty-handler-proxy/4.1.67.Final/netty-handler-proxy-4.1.67.Final.jar:/home/colton_c/.m2/repository/io/netty/netty-codec-socks/4.1.67.Final/netty-codec-socks-4.1.67.Final.jar:/home/colton_c/.m2/repository/org/springframework/spring-web/5.3.9/spring-web-5.3.9.jar:/home/colton_c/.m2/repository/org/springframework/spring-beans/5.3.9/spring-beans-5.3.9.jar:/home/colton_c/.m2/repository/org/springframework/spring-webflux/5.3.9/spring-webflux-5.3.9.jar:/home/colton_c/.m2/repository/org/springframework/cloud/spring-cloud-starter-gateway/3.0.3/spring-cloud-starter-gateway-3.0.3.jar:/home/colton_c/.m2/repository/org/springframework/cloud/spring-cloud-starter/3.0.3/spring-cloud-starter-3.0.3.jar:/home/colton_c/.m2/repository/org/springframework/cloud/spring-cloud-context/3.0.3/spring-cloud-context-3.0.3.jar:/home/colton_c/.m2/repository/org/springframework/security/spring-security-crypto/5.5.2/spring-security-crypto-5.5.2.jar:/home/colton_c/.m2/repository/org/springframework/cloud/spring-cloud-commons/3.0.3/spring-cloud-commons-3.0.3.jar:/home/colton_c/.m2/repository/org/springframework/security/spring-security-rsa/1.0.10.RELEASE/spring-security-rsa-1.0.10.RELEASE.jar:/home/colton_c/.m2/repository/org/bouncycastle/bcpkix-jdk15on/1.68/bcpkix-jdk15on-1.68.jar:/home/colton_c/.m2/repository/org/bouncycastle/bcprov-jdk15on/1.68/bcprov-jdk15on-1.68.jar:/home/colton_c/.m2/repository/org/springframework/cloud/spring-cloud-gateway-server/3.0.3/spring-cloud-gateway-server-3.0.3.jar:/home/colton_c/.m2/repository/org/springframework/boot/spring-boot-starter-validation/2.5.4/spring-boot-starter-validation-2.5.4.jar:/home/colton_c/.m2/repository/org/apache/tomcat/embed/tomcat-embed-el/9.0.52/tomcat-embed-el-9.0.52.jar:/home/colton_c/.m2/repository/org/hibernate/validator/hibernate-validator/6.2.0.Final/hibernate-validator-6.2.0.Final.jar:/home/colton_c/.m2/repository/jakarta/validation/jakarta.validation-api/2.0.2/jakarta.validation-api-2.0.2.jar:/home/colton_c/.m2/repository/org/jboss/logging/jboss-logging/3.4.2.Final/jboss-logging-3.4.2.Final.jar:/home/colton_c/.m2/repository/com/fasterxml/classmate/1.5.1/classmate-1.5.1.jar:/home/colton_c/.m2/repository/io/projectreactor/addons/reactor-extra/3.4.4/reactor-extra-3.4.4.jar:/home/colton_c/.m2/repository/org/springframework/boot/spring-boot-devtools/2.5.4/spring-boot-devtools-2.5.4.jar:/home/colton_c/.m2/repository/org/springframework/boot/spring-boot/2.5.4/spring-boot-2.5.4.jar:/home/colton_c/.m2/repository/org/springframework/spring-context/5.3.9/spring-context-5.3.9.jar:/home/colton_c/.m2/repository/org/springframework/spring-aop/5.3.9/spring-aop-5.3.9.jar:/home/colton_c/.m2/repository/org/springframework/spring-expression/5.3.9/spring-expression-5.3.9.jar:/home/colton_c/.m2/repository/org/springframework/boot/spring-boot-autoconfigure/2.5.4/spring-boot-autoconfigure-2.5.4.jar:/home/colton_c/.m2/repository/org/projectlombok/lombok/1.18.20/lombok-1.18.20.jar:/home/colton_c/.m2/repository/org/springframework/boot/spring-boot-starter-test/2.5.4/spring-boot-starter-test-2.5.4.jar:/home/colton_c/.m2/repository/org/springframework/boot/spring-boot-test/2.5.4/spring-boot-test-2.5.4.jar:/home/colton_c/.m2/repository/org/springframework/boot/spring-boot-test-autoconfigure/2.5.4/spring-boot-test-autoconfigure-2.5.4.jar:/home/colton_c/.m2/repository/com/jayway/jsonpath/json-path/2.5.0/json-path-2.5.0.jar:/home/colton_c/.m2/repository/net/minidev/json-smart/2.4.7/json-smart-2.4.7.jar:/home/colton_c/.m2/repository/net/minidev/accessors-smart/2.4.7/accessors-smart-2.4.7.jar:/home/colton_c/.m2/repository/org/ow2/asm/asm/9.1/asm-9.1.jar:/home/colton_c/.m2/repository/org/slf4j/slf4j-api/1.7.32/slf4j-api-1.7.32.jar:/home/colton_c/.m2/repository/jakarta/xml/bind/jakarta.xml.bind-api/2.3.3/jakarta.xml.bind-api-2.3.3.jar:/home/colton_c/.m2/repository/jakarta/activation/jakarta.activation-api/1.2.2/jakarta.activation-api-1.2.2.jar:/home/colton_c/.m2/repository/org/assertj/assertj-core/3.19.0/assertj-core-3.19.0.jar:/home/colton_c/.m2/repository/org/hamcrest/hamcrest/2.2/hamcrest-2.2.jar:/home/colton_c/.m2/repository/org/junit/jupiter/junit-jupiter/5.7.2/junit-jupiter-5.7.2.jar:/home/colton_c/.m2/repository/org/junit/jupiter/junit-jupiter-api/5.7.2/junit-jupiter-api-5.7.2.jar:/home/colton_c/.m2/repository/org/apiguardian/apiguardian-api/1.1.0/apiguardian-api-1.1.0.jar:/home/colton_c/.m2/repository/org/opentest4j/opentest4j/1.2.0/opentest4j-1.2.0.jar:/home/colton_c/.m2/repository/org/junit/platform/junit-platform-commons/1.7.2/junit-platform-commons-1.7.2.jar:/home/colton_c/.m2/repository/org/junit/jupiter/junit-jupiter-params/5.7.2/junit-jupiter-params-5.7.2.jar:/home/colton_c/.m2/repository/org/junit/jupiter/junit-jupiter-engine/5.7.2/junit-jupiter-engine-5.7.2.jar:/home/colton_c/.m2/repository/org/junit/platform/junit-platform-engine/1.7.2/junit-platform-engine-1.7.2.jar:/home/colton_c/.m2/repository/org/mockito/mockito-core/3.9.0/mockito-core-3.9.0.jar:/home/colton_c/.m2/repository/net/bytebuddy/byte-buddy/1.10.22/byte-buddy-1.10.22.jar:/home/colton_c/.m2/repository/net/bytebuddy/byte-buddy-agent/1.10.22/byte-buddy-agent-1.10.22.jar:/home/colton_c/.m2/repository/org/objenesis/objenesis/3.2/objenesis-3.2.jar:/home/colton_c/.m2/repository/org/mockito/mockito-junit-jupiter/3.9.0/mockito-junit-jupiter-3.9.0.jar:/home/colton_c/.m2/repository/org/skyscreamer/jsonassert/1.5.0/jsonassert-1.5.0.jar:/home/colton_c/.m2/repository/com/vaadin/external/google/android-json/0.0.20131108.vaadin1/android-json-0.0.20131108.vaadin1.jar:/home/colton_c/.m2/repository/org/springframework/spring-core/5.3.9/spring-core-5.3.9.jar:/home/colton_c/.m2/repository/org/springframework/spring-jcl/5.3.9/spring-jcl-5.3.9.jar:/home/colton_c/.m2/repository/org/springframework/spring-test/5.3.9/spring-test-5.3.9.jar:/home/colton_c/.m2/repository/org/xmlunit/xmlunit-core/2.8.2/xmlunit-core-2.8.2.jar:/home/colton_c/.m2/repository/io/projectreactor/reactor-test/3.4.9/reactor-test-3.4.9.jar:/home/colton_c/.m2/repository/io/projectreactor/reactor-core/3.4.9/reactor-core-3.4.9.jar:/home/colton_c/.m2/repository/org/reactivestreams/reactive-streams/1.0.3/reactive-streams-1.0.3.jar:/home/colton_c/.m2/repository/org/springframework/boot/spring-boot-configuration-processor/2.5.4/spring-boot-configuration-processor-2.5.4.jar:"/>
    <property name="sun.cpu.endian" value="little"/>
    <property name="user.home" value="/home/colton_c"/>
    <property name="user.language" value="en"/>
    <property name="java.specification.vendor" value="Oracle Corporation"/>
    <property name="java.version.date" value="2022-10-18"/>
    <property name="java.home" value="/usr/lib/jvm/java-11-openjdk-amd64"/>
    <property name="file.separator" value="/"/>
    <property name="basedir" value="/home/colton_c/aline/aline-gateway"/>
    <property name="java.vm.compressedOopsMode" value="32-bit"/>
    <property name="line.separator" value="&#10;"/>
    <property name="java.specification.name" value="Java Platform API Specification"/>
    <property name="java.vm.specification.vendor" value="Oracle Corporation"/>
    <property name="java.awt.graphicsenv" value="sun.awt.X11GraphicsEnvironment"/>
    <property name="surefire.real.class.path" value="/home/colton_c/aline/aline-gateway/target/surefire/surefirebooter5155853013704671081.jar"/>
    <property name="sun.management.compiler" value="HotSpot 64-Bit Tiered Compilers"/>
    <property name="java.runtime.version" value="11.0.17+8-post-Ubuntu-1ubuntu222.04"/>
    <property name="user.name" value="colton_c"/>
    <property name="path.separator" value=":"/>
    <property name="os.version" value="5.15.68.1-microsoft-standard-WSL2"/>
    <property name="java.runtime.name" value="OpenJDK Runtime Environment"/>
    <property name="file.encoding" value="UTF-8"/>
    <property name="java.vm.name" value="OpenJDK 64-Bit Server VM"/>
    <property name="localRepository" value="/home/colton_c/.m2/repository"/>
    <property name="java.vendor.url.bug" value="https://bugs.launchpad.net/ubuntu/+source/openjdk-lts"/>
    <property name="java.io.tmpdir" value="/tmp"/>
    <property name="java.version" value="11.0.17"/>
    <property name="user.dir" value="/home/colton_c/aline/aline-gateway"/>
    <property name="os.arch" value="amd64"/>
    <property name="java.vm.specification.name" value="Java Virtual Machine Specification"/>
    <property name="java.awt.printerjob" value="sun.print.PSPrinterJob"/>
    <property name="sun.os.patch.level" value="unknown"/>
    <property name="java.library.path" value="/usr/java/packages/lib:/usr/lib/x86_64-linux-gnu/jni:/lib/x86_64-linux-gnu:/usr/lib/x86_64-linux-gnu:/usr/lib/jni:/lib:/usr/lib"/>
    <property name="java.vm.info" value="mixed mode, sharing"/>
    <property name="java.vendor" value="Ubuntu"/>
    <property name="java.vm.version" value="11.0.17+8-post-Ubuntu-1ubuntu222.04"/>
    <property name="sun.io.unicode.encoding" value="UnicodeLittle"/>
    <property name="java.class.version" value="55.0"/>
  </properties>
  <testcase name="contextLoads" classname="com.aline.gateway.AlineGatewayApplicationTests" time="0.265"/>
</testsuite>